{"/Users/miuratakayuki/Study/text-manipulator/src/renderer/components/util/constants.ts": {"path":"/Users/miuratakayuki/Study/text-manipulator/src/renderer/components/util/constants.ts","statementMap":{"0":{"start":{"line":1,"column":13},"end":{"line":1,"column":35}},"1":{"start":{"line":2,"column":13},"end":{"line":2,"column":46}},"2":{"start":{"line":3,"column":13},"end":{"line":3,"column":40}},"3":{"start":{"line":4,"column":13},"end":{"line":4,"column":73}}},"fnMap":{},"branchMap":{},"s":{"0":1,"1":1,"2":1,"3":1},"f":{},"b":{}}
,"/Users/miuratakayuki/Study/text-manipulator/src/renderer/components/util/process.ts": {"path":"/Users/miuratakayuki/Study/text-manipulator/src/renderer/components/util/process.ts","statementMap":{"0":{"start":{"line":11,"column":0},"end":{"line":11,"column":16}},"1":{"start":{"line":48,"column":0},"end":{"line":48,"column":16}},"2":{"start":{"line":85,"column":0},"end":{"line":85,"column":16}},"3":{"start":{"line":100,"column":0},"end":{"line":100,"column":16}},"4":{"start":{"line":142,"column":0},"end":{"line":142,"column":16}},"5":{"start":{"line":154,"column":0},"end":{"line":154,"column":16}},"6":{"start":{"line":158,"column":0},"end":{"line":158,"column":16}},"7":{"start":{"line":162,"column":0},"end":{"line":162,"column":16}},"8":{"start":{"line":166,"column":0},"end":{"line":166,"column":16}},"9":{"start":{"line":2,"column":0},"end":{"line":2,"column":60}},"10":{"start":{"line":20,"column":15},"end":{"line":20,"column":18}},"11":{"start":{"line":22,"column":2},"end":{"line":26,"column":3}},"12":{"start":{"line":23,"column":4},"end":{"line":25,"column":7}},"13":{"start":{"line":24,"column":6},"end":{"line":24,"column":59}},"14":{"start":{"line":28,"column":2},"end":{"line":32,"column":3}},"15":{"start":{"line":29,"column":4},"end":{"line":31,"column":7}},"16":{"start":{"line":30,"column":6},"end":{"line":30,"column":59}},"17":{"start":{"line":34,"column":2},"end":{"line":36,"column":3}},"18":{"start":{"line":35,"column":4},"end":{"line":35,"column":39}},"19":{"start":{"line":39,"column":2},"end":{"line":43,"column":3}},"20":{"start":{"line":40,"column":4},"end":{"line":42,"column":7}},"21":{"start":{"line":41,"column":6},"end":{"line":41,"column":59}},"22":{"start":{"line":45,"column":2},"end":{"line":45,"column":16}},"23":{"start":{"line":57,"column":15},"end":{"line":57,"column":18}},"24":{"start":{"line":59,"column":2},"end":{"line":63,"column":3}},"25":{"start":{"line":60,"column":4},"end":{"line":62,"column":7}},"26":{"start":{"line":61,"column":6},"end":{"line":61,"column":59}},"27":{"start":{"line":65,"column":2},"end":{"line":69,"column":3}},"28":{"start":{"line":66,"column":4},"end":{"line":68,"column":7}},"29":{"start":{"line":67,"column":6},"end":{"line":67,"column":59}},"30":{"start":{"line":71,"column":2},"end":{"line":73,"column":3}},"31":{"start":{"line":72,"column":4},"end":{"line":72,"column":39}},"32":{"start":{"line":76,"column":2},"end":{"line":80,"column":3}},"33":{"start":{"line":77,"column":4},"end":{"line":79,"column":7}},"34":{"start":{"line":78,"column":6},"end":{"line":78,"column":59}},"35":{"start":{"line":82,"column":2},"end":{"line":82,"column":16}},"36":{"start":{"line":90,"column":15},"end":{"line":90,"column":18}},"37":{"start":{"line":91,"column":2},"end":{"line":93,"column":3}},"38":{"start":{"line":92,"column":4},"end":{"line":92,"column":44}},"39":{"start":{"line":94,"column":2},"end":{"line":96,"column":3}},"40":{"start":{"line":95,"column":4},"end":{"line":95,"column":42}},"41":{"start":{"line":97,"column":2},"end":{"line":97,"column":16}},"42":{"start":{"line":101,"column":2},"end":{"line":101,"column":66}},"43":{"start":{"line":105,"column":31},"end":{"line":140,"column":1}},"44":{"start":{"line":107,"column":2},"end":{"line":114,"column":3}},"45":{"start":{"line":108,"column":4},"end":{"line":113,"column":5}},"46":{"start":{"line":109,"column":6},"end":{"line":109,"column":48}},"47":{"start":{"line":110,"column":6},"end":{"line":110,"column":18}},"48":{"start":{"line":112,"column":6},"end":{"line":112,"column":49}},"49":{"start":{"line":116,"column":2},"end":{"line":139,"column":3}},"50":{"start":{"line":118,"column":21},"end":{"line":118,"column":55}},"51":{"start":{"line":119,"column":4},"end":{"line":119,"column":26}},"52":{"start":{"line":122,"column":4},"end":{"line":122,"column":38}},"53":{"start":{"line":123,"column":4},"end":{"line":123,"column":38}},"54":{"start":{"line":124,"column":4},"end":{"line":124,"column":37}},"55":{"start":{"line":125,"column":4},"end":{"line":125,"column":40}},"56":{"start":{"line":128,"column":4},"end":{"line":128,"column":21}},"57":{"start":{"line":129,"column":4},"end":{"line":129,"column":22}},"58":{"start":{"line":130,"column":4},"end":{"line":130,"column":33}},"59":{"start":{"line":133,"column":4},"end":{"line":133,"column":22}},"60":{"start":{"line":134,"column":4},"end":{"line":134,"column":16}},"61":{"start":{"line":137,"column":4},"end":{"line":137,"column":58}},"62":{"start":{"line":138,"column":4},"end":{"line":138,"column":17}},"63":{"start":{"line":105,"column":13},"end":{"line":105,"column":31}},"64":{"start":{"line":143,"column":15},"end":{"line":143,"column":34}},"65":{"start":{"line":144,"column":2},"end":{"line":151,"column":25}},"66":{"start":{"line":155,"column":2},"end":{"line":155,"column":68}},"67":{"start":{"line":159,"column":2},"end":{"line":159,"column":61}},"68":{"start":{"line":163,"column":2},"end":{"line":163,"column":null}},"69":{"start":{"line":167,"column":2},"end":{"line":167,"column":86}}},"fnMap":{"0":{"name":"convertFullWidthToHalfWidth","decl":{"start":{"line":11,"column":16},"end":{"line":11,"column":43}},"loc":{"start":{"line":18,"column":3},"end":{"line":46,"column":1}}},"1":{"name":"(anonymous_1)","decl":{"start":{"line":23,"column":41},"end":{"line":23,"column":51}},"loc":{"start":{"line":23,"column":52},"end":{"line":25,"column":5}}},"2":{"name":"(anonymous_2)","decl":{"start":{"line":29,"column":38},"end":{"line":29,"column":48}},"loc":{"start":{"line":29,"column":49},"end":{"line":31,"column":5}}},"3":{"name":"(anonymous_3)","decl":{"start":{"line":40,"column":47},"end":{"line":40,"column":57}},"loc":{"start":{"line":40,"column":58},"end":{"line":42,"column":5}}},"4":{"name":"convertHalfWidthToFullWidth","decl":{"start":{"line":48,"column":16},"end":{"line":48,"column":43}},"loc":{"start":{"line":55,"column":3},"end":{"line":83,"column":1}}},"5":{"name":"(anonymous_5)","decl":{"start":{"line":60,"column":41},"end":{"line":60,"column":51}},"loc":{"start":{"line":60,"column":52},"end":{"line":62,"column":5}}},"6":{"name":"(anonymous_6)","decl":{"start":{"line":66,"column":38},"end":{"line":66,"column":48}},"loc":{"start":{"line":66,"column":49},"end":{"line":68,"column":5}}},"7":{"name":"(anonymous_7)","decl":{"start":{"line":77,"column":48},"end":{"line":77,"column":58}},"loc":{"start":{"line":77,"column":59},"end":{"line":79,"column":5}}},"8":{"name":"removeLineBreaksAndSpaces","decl":{"start":{"line":85,"column":16},"end":{"line":85,"column":41}},"loc":{"start":{"line":88,"column":30},"end":{"line":98,"column":1}}},"9":{"name":"performReplace","decl":{"start":{"line":100,"column":16},"end":{"line":100,"column":30}},"loc":{"start":{"line":100,"column":80},"end":{"line":102,"column":1}}},"10":{"name":"(anonymous_10)","decl":{"start":{"line":105,"column":31},"end":{"line":105,"column":36}},"loc":{"start":{"line":105,"column":54},"end":{"line":140,"column":1}}},"11":{"name":"formatDateTime","decl":{"start":{"line":142,"column":16},"end":{"line":142,"column":30}},"loc":{"start":{"line":142,"column":48},"end":{"line":152,"column":1}}},"12":{"name":"createId","decl":{"start":{"line":154,"column":16},"end":{"line":154,"column":24}},"loc":{"start":{"line":154,"column":24},"end":{"line":156,"column":1}}},"13":{"name":"getSettingsList","decl":{"start":{"line":158,"column":16},"end":{"line":158,"column":31}},"loc":{"start":{"line":158,"column":31},"end":{"line":160,"column":1}}},"14":{"name":"getMergedSettings","decl":{"start":{"line":162,"column":16},"end":{"line":162,"column":33}},"loc":{"start":{"line":162,"column":91},"end":{"line":164,"column":1}}},"15":{"name":"setLocalStorage","decl":{"start":{"line":166,"column":16},"end":{"line":166,"column":31}},"loc":{"start":{"line":166,"column":65},"end":{"line":168,"column":1}}}},"branchMap":{"0":{"loc":{"start":{"line":13,"column":2},"end":{"line":18,"column":null}},"type":"default-arg","locations":[{"start":{"line":13,"column":21},"end":{"line":18,"column":null}}]},"1":{"loc":{"start":{"line":22,"column":2},"end":{"line":26,"column":3}},"type":"if","locations":[{"start":{"line":22,"column":2},"end":{"line":26,"column":3}},{"start":{},"end":{}}]},"2":{"loc":{"start":{"line":28,"column":2},"end":{"line":32,"column":3}},"type":"if","locations":[{"start":{"line":28,"column":2},"end":{"line":32,"column":3}},{"start":{},"end":{}}]},"3":{"loc":{"start":{"line":34,"column":2},"end":{"line":36,"column":3}},"type":"if","locations":[{"start":{"line":34,"column":2},"end":{"line":36,"column":3}},{"start":{},"end":{}}]},"4":{"loc":{"start":{"line":39,"column":2},"end":{"line":43,"column":3}},"type":"if","locations":[{"start":{"line":39,"column":2},"end":{"line":43,"column":3}},{"start":{},"end":{}}]},"5":{"loc":{"start":{"line":50,"column":2},"end":{"line":55,"column":null}},"type":"default-arg","locations":[{"start":{"line":50,"column":21},"end":{"line":55,"column":null}}]},"6":{"loc":{"start":{"line":59,"column":2},"end":{"line":63,"column":3}},"type":"if","locations":[{"start":{"line":59,"column":2},"end":{"line":63,"column":3}},{"start":{},"end":{}}]},"7":{"loc":{"start":{"line":65,"column":2},"end":{"line":69,"column":3}},"type":"if","locations":[{"start":{"line":65,"column":2},"end":{"line":69,"column":3}},{"start":{},"end":{}}]},"8":{"loc":{"start":{"line":71,"column":2},"end":{"line":73,"column":3}},"type":"if","locations":[{"start":{"line":71,"column":2},"end":{"line":73,"column":3}},{"start":{},"end":{}}]},"9":{"loc":{"start":{"line":76,"column":2},"end":{"line":80,"column":3}},"type":"if","locations":[{"start":{"line":76,"column":2},"end":{"line":80,"column":3}},{"start":{},"end":{}}]},"10":{"loc":{"start":{"line":87,"column":2},"end":{"line":87,"column":26}},"type":"default-arg","locations":[{"start":{"line":87,"column":22},"end":{"line":87,"column":26}}]},"11":{"loc":{"start":{"line":88,"column":2},"end":{"line":88,"column":30}},"type":"default-arg","locations":[{"start":{"line":88,"column":26},"end":{"line":88,"column":30}}]},"12":{"loc":{"start":{"line":91,"column":2},"end":{"line":93,"column":3}},"type":"if","locations":[{"start":{"line":91,"column":2},"end":{"line":93,"column":3}},{"start":{},"end":{}}]},"13":{"loc":{"start":{"line":94,"column":2},"end":{"line":96,"column":3}},"type":"if","locations":[{"start":{"line":94,"column":2},"end":{"line":96,"column":3}},{"start":{},"end":{}}]},"14":{"loc":{"start":{"line":107,"column":2},"end":{"line":114,"column":3}},"type":"if","locations":[{"start":{"line":107,"column":2},"end":{"line":114,"column":3}},{"start":{},"end":{}}]},"15":{"loc":{"start":{"line":107,"column":6},"end":{"line":107,"column":51}},"type":"binary-expr","locations":[{"start":{"line":107,"column":6},"end":{"line":107,"column":25}},{"start":{"line":107,"column":29},"end":{"line":107,"column":51}}]},"16":{"loc":{"start":{"line":163,"column":9},"end":{"line":163,"column":91}},"type":"cond-expr","locations":[{"start":{"line":163,"column":33},"end":{"line":163,"column":46}},{"start":{"line":163,"column":49},"end":{"line":163,"column":91}}]}},"s":{"0":1,"1":1,"2":1,"3":1,"4":1,"5":1,"6":1,"7":1,"8":1,"9":1,"10":0,"11":0,"12":0,"13":0,"14":0,"15":0,"16":0,"17":0,"18":0,"19":0,"20":0,"21":0,"22":0,"23":0,"24":0,"25":0,"26":0,"27":0,"28":0,"29":0,"30":0,"31":0,"32":0,"33":0,"34":0,"35":0,"36":19,"37":19,"38":12,"39":19,"40":12,"41":19,"42":5,"43":1,"44":0,"45":0,"46":0,"47":0,"48":0,"49":0,"50":0,"51":0,"52":0,"53":0,"54":0,"55":0,"56":0,"57":0,"58":0,"59":0,"60":0,"61":0,"62":0,"63":1,"64":4,"65":4,"66":0,"67":0,"68":0,"69":0},"f":{"0":0,"1":0,"2":0,"3":0,"4":0,"5":0,"6":0,"7":0,"8":19,"9":5,"10":0,"11":4,"12":0,"13":0,"14":0,"15":0},"b":{"0":[0],"1":[0,0],"2":[0,0],"3":[0,0],"4":[0,0],"5":[0],"6":[0,0],"7":[0,0],"8":[0,0],"9":[0,0],"10":[5],"11":[4],"12":[12,7],"13":[12,7],"14":[0,0],"15":[0,0],"16":[0,0]}}
,"/Users/miuratakayuki/Study/text-manipulator/src/renderer/components/util/__tests__/process.testcase.ts": {"path":"/Users/miuratakayuki/Study/text-manipulator/src/renderer/components/util/__tests__/process.testcase.ts","statementMap":{"0":{"start":{"line":8,"column":13},"end":{"line":51,"column":2}},"1":{"start":{"line":53,"column":13},"end":{"line":96,"column":2}},"2":{"start":{"line":98,"column":13},"end":{"line":129,"column":2}}},"fnMap":{},"branchMap":{},"s":{"0":1,"1":1,"2":1},"f":{},"b":{}}
}
