TN:
SF:src/renderer/components/util/constants.ts
FNF:0
FNH:0
DA:1,1
DA:2,1
DA:3,1
DA:4,1
LF:4
LH:4
BRF:0
BRH:0
end_of_record
TN:
SF:src/renderer/components/util/process.ts
FN:11,convertFullWidthToHalfWidth
FN:23,(anonymous_1)
FN:29,(anonymous_2)
FN:40,(anonymous_3)
FN:48,convertHalfWidthToFullWidth
FN:60,(anonymous_5)
FN:66,(anonymous_6)
FN:77,(anonymous_7)
FN:85,removeLineBreaksAndSpaces
FN:100,performReplace
FN:105,(anonymous_10)
FN:142,formatDateTime
FN:154,createId
FN:158,getSettingsList
FN:162,getMergedSettings
FN:166,setLocalStorage
FNF:16
FNH:3
FNDA:0,convertFullWidthToHalfWidth
FNDA:0,(anonymous_1)
FNDA:0,(anonymous_2)
FNDA:0,(anonymous_3)
FNDA:0,convertHalfWidthToFullWidth
FNDA:0,(anonymous_5)
FNDA:0,(anonymous_6)
FNDA:0,(anonymous_7)
FNDA:19,removeLineBreaksAndSpaces
FNDA:5,performReplace
FNDA:0,(anonymous_10)
FNDA:4,formatDateTime
FNDA:0,createId
FNDA:0,getSettingsList
FNDA:0,getMergedSettings
FNDA:0,setLocalStorage
DA:2,1
DA:11,1
DA:20,0
DA:22,0
DA:23,0
DA:24,0
DA:28,0
DA:29,0
DA:30,0
DA:34,0
DA:35,0
DA:39,0
DA:40,0
DA:41,0
DA:45,0
DA:48,1
DA:57,0
DA:59,0
DA:60,0
DA:61,0
DA:65,0
DA:66,0
DA:67,0
DA:71,0
DA:72,0
DA:76,0
DA:77,0
DA:78,0
DA:82,0
DA:85,1
DA:90,19
DA:91,19
DA:92,12
DA:94,19
DA:95,12
DA:97,19
DA:100,1
DA:101,5
DA:105,1
DA:107,0
DA:108,0
DA:109,0
DA:110,0
DA:112,0
DA:116,0
DA:118,0
DA:119,0
DA:122,0
DA:123,0
DA:124,0
DA:125,0
DA:128,0
DA:129,0
DA:130,0
DA:133,0
DA:134,0
DA:137,0
DA:138,0
DA:142,1
DA:143,4
DA:144,4
DA:154,1
DA:155,0
DA:158,1
DA:159,0
DA:162,1
DA:163,0
DA:166,1
DA:167,0
LF:69
LH:20
BRDA:13,0,0,0
BRDA:22,1,0,0
BRDA:22,1,1,0
BRDA:28,2,0,0
BRDA:28,2,1,0
BRDA:34,3,0,0
BRDA:34,3,1,0
BRDA:39,4,0,0
BRDA:39,4,1,0
BRDA:50,5,0,0
BRDA:59,6,0,0
BRDA:59,6,1,0
BRDA:65,7,0,0
BRDA:65,7,1,0
BRDA:71,8,0,0
BRDA:71,8,1,0
BRDA:76,9,0,0
BRDA:76,9,1,0
BRDA:87,10,0,5
BRDA:88,11,0,4
BRDA:91,12,0,12
BRDA:91,12,1,7
BRDA:94,13,0,12
BRDA:94,13,1,7
BRDA:107,14,0,0
BRDA:107,14,1,0
BRDA:107,15,0,0
BRDA:107,15,1,0
BRDA:163,16,0,0
BRDA:163,16,1,0
BRF:30
BRH:6
end_of_record
TN:
SF:src/renderer/components/util/__tests__/process.testcase.ts
FNF:0
FNH:0
DA:8,1
DA:53,1
DA:98,1
LF:3
LH:3
BRF:0
BRH:0
end_of_record
